D:\new\abc\backend\venv\lib\site-packages\engineio\async_drivers\eventlet.py:1: EventletDeprecationWarning: 
Eventlet is deprecated. It is currently being maintained in bugfix mode, and
we strongly recommend against using it for new projects.

If you are already using Eventlet, we recommend migrating to a different
framework.  For more detail see
https://eventlet.readthedocs.io/en/latest/asyncio/migration.html

  from eventlet.green.threading import Event
2026-06-13 15:32:49,055 [INFO] MongoDB connected
2026-06-13 15:32:53,124 [WARNING] Redis failed: Error 10061 connecting to localhost:6379. No connection could be made because the target machine actively refused it.
2026-06-13 15:32:53,132 [WARNING] APScheduler not installed — auto-refund disabled
2026-06-13 15:32:53,277 [INFO] Starting Thooku Madurai API on :5000 with SocketIO (threading)
2026-06-13 15:33:57,255 [WARNING] Exotel SMS failed: 403 {"RestException":{"Status":403,"Message":"Your account is not yet KYC compliant","Code":340030}}

2026-06-13 15:33:57,262 [INFO] FALLBACK OTP for 9629110997: 943379 (Exotel not available)
2026-06-13 15:34:04,986 [WARNING] Exotel SMS failed: 403 {"RestException":{"Status":403,"Message":"Your account is not yet KYC compliant","Code":340030}}

2026-06-13 15:34:04,988 [INFO] FALLBACK OTP for 9629110997: 883339 (Exotel not available)
2026-06-13 15:35:01,072 [WARNING] Exotel SMS failed: 400 {"RestException":{"Status":400,"Message":"No transactional template found and no numeric sender ID exists in your account for sending it as promotional","Code":40300}}

2026-06-13 15:35:01,072 [INFO] FALLBACK OTP for 9629110997: 105376 (Exotel not available)
2026-06-13 15:35:01,448 [WARNING] DEV: non-superadmin token accepted as superadmin fallback
2026-06-13 15:35:40,195 [WARNING] Exotel SMS failed: 400 {"RestException":{"Status":400,"Message":"No transactional template found and no numeric sender ID exists in your account for sending it as promotional","Code":40300}}

2026-06-13 15:35:40,196 [INFO] FALLBACK OTP for 9629110997: 941386 (Exotel not available)
2026-06-13 15:35:40,538 [WARNING] DEV: non-superadmin token accepted as superadmin fallback
2026-06-13 15:36:54,535 [WARNING] Exotel SMS failed: 403 {"RestException":{"Status":403,"Message":"Your account is not yet KYC compliant","Code":340030}}

2026-06-13 15:36:54,539 [INFO] FALLBACK OTP for 9629110997: 268883 (Exotel not available)
2026-06-13 15:37:21,628 [WARNING] Exotel SMS failed: 400 {"RestException":{"Status":400,"Message":"No transactional template found and no numeric sender ID exists in your account for sending it as promotional","Code":40300}}

2026-06-13 15:37:21,628 [INFO] FALLBACK OTP for 9629110997: 856070 (Exotel not available)
2026-06-13 15:37:21,719 [WARNING] DEV: non-superadmin token accepted as superadmin fallback
2026-06-13 15:37:38,017 [WARNING] Exotel SMS failed: 400 {"RestException":{"Status":400,"Message":"No transactional template found and no numeric sender ID exists in your account for sending it as promotional","Code":40300}}

2026-06-13 15:37:38,025 [INFO] FALLBACK OTP for 9629110997: 774773 (Exotel not available)
2026-06-13 15:37:38,142 [WARNING] DEV: non-superadmin token accepted as superadmin fallback
2026-06-13 15:37:38,235 [WARNING] DEV: non-superadmin token accepted as superadmin fallback
2026-06-13 15:37:46,847 [WARNING] Exotel SMS failed: 403 {"RestException":{"Status":403,"Message":"Your account is not yet KYC compliant","Code":340030}}

2026-06-13 15:37:46,847 [INFO] FALLBACK OTP for 9629110997: 815664 (Exotel not available)
2026-06-13 15:37:58,378 [WARNING] Exotel SMS failed: 403 {"RestException":{"Status":403,"Message":"Your account is not yet KYC compliant","Code":340030}}

2026-06-13 15:37:58,378 [INFO] FALLBACK OTP for 9629110997: 377599 (Exotel not available)
2026-06-13 15:38:05,266 [WARNING] Exotel SMS failed: 400 {"RestException":{"Status":400,"Message":"No transactional template found and no numeric sender ID exists in your account for sending it as promotional","Code":40300}}

2026-06-13 15:38:05,275 [INFO] FALLBACK OTP for 9629110997: 535119 (Exotel not available)
2026-06-13 15:38:14,961 [WARNING] Exotel SMS failed: 403 {"RestException":{"Status":403,"Message":"Your account is not yet KYC compliant","Code":340030}}

2026-06-13 15:38:14,966 [INFO] FALLBACK OTP for 9629110997: 791535 (Exotel not available)
2026-06-13 15:38:15,635 [INFO] MongoDB connected
2026-06-13 15:38:19,726 [WARNING] Redis failed: Error 10061 connecting to localhost:6379. No connection could be made because the target machine actively refused it.
2026-06-13 15:38:19,732 [WARNING] APScheduler not installed — auto-refund disabled
2026-06-13 15:38:26,672 [WARNING] Exotel SMS failed: 403 {"RestException":{"Status":403,"Message":"Your account is not yet KYC compliant","Code":340030}}

2026-06-13 15:38:26,678 [INFO] FALLBACK OTP for 9629110997: 691762 (Exotel not available)
2026-06-13 15:38:49,813 [WARNING] Exotel SMS failed: 403 {"RestException":{"Status":403,"Message":"Your account is not yet KYC compliant","Code":340030}}

2026-06-13 15:38:49,815 [INFO] FALLBACK OTP for 9629110997: 180088 (Exotel not available)
2026-06-13 15:38:50,724 [ERROR] Google login error: No module named 'google'
